This file contains any messages produced by compilers while
running configure, to aid debugging if configure makes a mistake.

It was created by configure, which was
generated by GNU Autoconf 2.59.  Invocation command line was

  $ ./configure 

## --------- ##
## Platform. ##
## --------- ##

hostname = rogue
uname -m = i686
uname -r = 2.6.9
uname -s = Linux
uname -v = #1 Sat Dec 18 17:10:58 GMT 2004

/usr/bin/uname -p = unknown
/bin/uname -X     = unknown

/bin/arch              = i686
/usr/bin/arch -k       = unknown
/usr/convex/getsysinfo = unknown
hostinfo               = unknown
/bin/machine           = unknown
/usr/bin/oslevel       = unknown
/bin/universe          = unknown

PATH: /usr/local/bin
PATH: /usr/bin
PATH: /bin
PATH: /usr/bin/X11
PATH: /usr/games


## ----------- ##
## Core tests. ##
## ----------- ##

configure:1540: checking for a BSD-compatible install
configure:1595: result: /usr/bin/install -c
configure:1606: checking whether build environment is sane
configure:1649: result: yes
configure:1664: checking whether make sets $(MAKE)
configure:1684: result: yes
configure:1716: checking for working aclocal-1.4
configure:1723: result: found
configure:1731: checking for working autoconf
configure:1738: result: found
configure:1746: checking for working automake-1.4
configure:1753: result: found
configure:1761: checking for working autoheader
configure:1768: result: found
configure:1776: checking for working makeinfo
configure:1787: result: missing
configure:1851: checking for g++
configure:1867: found /usr/bin/g++
configure:1877: result: g++
configure:1893: checking for C++ compiler version
configure:1896: g++ --version </dev/null >&5
g++ (GCC) 3.3.6 (Debian 1:3.3.6-7)
Copyright (C) 2003 Free Software Foundation, Inc.
This is free software; see the source for copying conditions.  There is NO
warranty; not even for MERCHANTABILITY or FITNESS FOR A PARTICULAR PURPOSE.

configure:1899: $? = 0
configure:1901: g++ -v </dev/null >&5
Reading specs from /usr/lib/gcc-lib/i486-linux-gnu/3.3.6/specs
Configured with: ../src/configure -v --enable-languages=c,c++,java,f77,pascal,objc,ada,treelang --prefix=/usr --mandir=/usr/share/man --infodir=/usr/share/info --with-gxx-include-dir=/usr/include/c++/3.3 --enable-shared --enable-__cxa_atexit --with-system-zlib --enable-nls --without-included-gettext --enable-clocale=gnu --enable-debug --enable-java-gc=boehm --enable-java-awt=xlib --enable-objc-gc i486-linux-gnu
Thread model: posix
gcc version 3.3.6 (Debian 1:3.3.6-7)
configure:1904: $? = 0
configure:1906: g++ -V </dev/null >&5
g++: `-V' option must have argument
configure:1909: $? = 1
configure:1932: checking for C++ compiler default output file name
configure:1935: g++    conftest.cc  >&5
configure:1938: $? = 0
configure:1984: result: a.out
configure:1989: checking whether the C++ compiler works
configure:1995: ./a.out
configure:1998: $? = 0
configure:2015: result: yes
configure:2022: checking whether we are cross compiling
configure:2024: result: no
configure:2027: checking for suffix of executables
configure:2029: g++ -o conftest    conftest.cc  >&5
configure:2032: $? = 0
configure:2057: result: 
configure:2063: checking for suffix of object files
configure:2084: g++ -c   conftest.cc >&5
configure:2087: $? = 0
configure:2109: result: o
configure:2113: checking whether we are using the GNU C++ compiler
configure:2137: g++ -c   conftest.cc >&5
configure:2143: $? = 0
configure:2146: test -z 			 || test ! -s conftest.err
configure:2149: $? = 0
configure:2152: test -s conftest.o
configure:2155: $? = 0
configure:2168: result: yes
configure:2174: checking whether g++ accepts -g
configure:2195: g++ -c -g  conftest.cc >&5
configure:2201: $? = 0
configure:2204: test -z 			 || test ! -s conftest.err
configure:2207: $? = 0
configure:2210: test -s conftest.o
configure:2213: $? = 0
configure:2224: result: yes
configure:2266: g++ -c -g -O2  conftest.cc >&5
configure:2272: $? = 0
configure:2275: test -z 			 || test ! -s conftest.err
configure:2278: $? = 0
configure:2281: test -s conftest.o
configure:2284: $? = 0
configure:2310: g++ -c -g -O2  conftest.cc >&5
conftest.cc: In function `int main()':
conftest.cc:15: error: `exit' undeclared (first use this function)
conftest.cc:15: error: (Each undeclared identifier is reported only once for 
   each function it appears in.)
configure:2316: $? = 1
configure: failed program was:
| /* confdefs.h.  */
| 
| #define PACKAGE_NAME ""
| #define PACKAGE_TARNAME ""
| #define PACKAGE_VERSION ""
| #define PACKAGE_STRING ""
| #define PACKAGE_BUGREPORT ""
| #define PACKAGE "fucksony"
| #define VERSION "0.1"
| /* end confdefs.h.  */
| 
| int
| main ()
| {
| exit (42);
|   ;
|   return 0;
| }
configure:2266: g++ -c -g -O2  conftest.cc >&5
configure:2272: $? = 0
configure:2275: test -z 			 || test ! -s conftest.err
configure:2278: $? = 0
configure:2281: test -s conftest.o
configure:2284: $? = 0
configure:2310: g++ -c -g -O2  conftest.cc >&5
configure:2316: $? = 0
configure:2319: test -z 			 || test ! -s conftest.err
configure:2322: $? = 0
configure:2325: test -s conftest.o
configure:2328: $? = 0
configure:2429: checking build system type
configure:2447: result: i686-pc-linux-gnu
configure:2455: checking host system type
configure:2469: result: i686-pc-linux-gnu
configure:2523: checking for gcc
configure:2539: found /usr/bin/gcc
configure:2549: result: gcc
configure:2793: checking for C compiler version
configure:2796: gcc --version </dev/null >&5
gcc (GCC) 3.3.6 (Debian 1:3.3.6-7)
Copyright (C) 2003 Free Software Foundation, Inc.
This is free software; see the source for copying conditions.  There is NO
warranty; not even for MERCHANTABILITY or FITNESS FOR A PARTICULAR PURPOSE.

configure:2799: $? = 0
configure:2801: gcc -v </dev/null >&5
Reading specs from /usr/lib/gcc-lib/i486-linux-gnu/3.3.6/specs
Configured with: ../src/configure -v --enable-languages=c,c++,java,f77,pascal,objc,ada,treelang --prefix=/usr --mandir=/usr/share/man --infodir=/usr/share/info --with-gxx-include-dir=/usr/include/c++/3.3 --enable-shared --enable-__cxa_atexit --with-system-zlib --enable-nls --without-included-gettext --enable-clocale=gnu --enable-debug --enable-java-gc=boehm --enable-java-awt=xlib --enable-objc-gc i486-linux-gnu
Thread model: posix
gcc version 3.3.6 (Debian 1:3.3.6-7)
configure:2804: $? = 0
configure:2806: gcc -V </dev/null >&5
gcc: `-V' option must have argument
configure:2809: $? = 1
configure:2812: checking whether we are using the GNU C compiler
configure:2836: gcc -c   conftest.c >&5
configure:2842: $? = 0
configure:2845: test -z 			 || test ! -s conftest.err
configure:2848: $? = 0
configure:2851: test -s conftest.o
configure:2854: $? = 0
configure:2867: result: yes
configure:2873: checking whether gcc accepts -g
configure:2894: gcc -c -g  conftest.c >&5
configure:2900: $? = 0
configure:2903: test -z 			 || test ! -s conftest.err
configure:2906: $? = 0
configure:2909: test -s conftest.o
configure:2912: $? = 0
configure:2923: result: yes
configure:2940: checking for gcc option to accept ANSI C
configure:3010: gcc  -c -g -O2  conftest.c >&5
configure:3016: $? = 0
configure:3019: test -z 			 || test ! -s conftest.err
configure:3022: $? = 0
configure:3025: test -s conftest.o
configure:3028: $? = 0
configure:3046: result: none needed
configure:3064: gcc -c -g -O2  conftest.c >&5
conftest.c:2: error: syntax error before "me"
configure:3070: $? = 1
configure: failed program was:
| #ifndef __cplusplus
|   choke me
| #endif
configure:3200: checking for a sed that does not truncate output
configure:3254: result: /bin/sed
configure:3257: checking for egrep
configure:3267: result: grep -E
configure:3283: checking for ld used by gcc
configure:3350: result: /usr/bin/ld
configure:3359: checking if the linker (/usr/bin/ld) is GNU ld
configure:3374: result: yes
configure:3379: checking for /usr/bin/ld option to reload object files
configure:3386: result: -r
configure:3395: checking for BSD-compatible nm
configure:3437: result: /usr/bin/nm -B
configure:3441: checking whether ln -s works
configure:3445: result: yes
configure:3452: checking how to recognise dependent libraries
configure:3626: result: pass_all
configure:3839: checking how to run the C preprocessor
configure:3874: gcc -E  conftest.c
configure:3880: $? = 0
configure:3912: gcc -E  conftest.c
conftest.c:14:28: ac_nonexistent.h: No such file or directory
configure:3918: $? = 1
configure: failed program was:
| /* confdefs.h.  */
| 
| #define PACKAGE_NAME ""
| #define PACKAGE_TARNAME ""
| #define PACKAGE_VERSION ""
| #define PACKAGE_STRING ""
| #define PACKAGE_BUGREPORT ""
| #define PACKAGE "fucksony"
| #define VERSION "0.1"
| #ifdef __cplusplus
| extern "C" void std::exit (int) throw (); using std::exit;
| #endif
| /* end confdefs.h.  */
| #include <ac_nonexistent.h>
configure:3957: result: gcc -E
configure:3981: gcc -E  conftest.c
configure:3987: $? = 0
configure:4019: gcc -E  conftest.c
conftest.c:14:28: ac_nonexistent.h: No such file or directory
configure:4025: $? = 1
configure: failed program was:
| /* confdefs.h.  */
| 
| #define PACKAGE_NAME ""
| #define PACKAGE_TARNAME ""
| #define PACKAGE_VERSION ""
| #define PACKAGE_STRING ""
| #define PACKAGE_BUGREPORT ""
| #define PACKAGE "fucksony"
| #define VERSION "0.1"
| #ifdef __cplusplus
| extern "C" void std::exit (int) throw (); using std::exit;
| #endif
| /* end confdefs.h.  */
| #include <ac_nonexistent.h>
configure:4069: checking for ANSI C header files
configure:4094: gcc -c -g -O2  conftest.c >&5
configure:4100: $? = 0
configure:4103: test -z 			 || test ! -s conftest.err
configure:4106: $? = 0
configure:4109: test -s conftest.o
configure:4112: $? = 0
configure:4201: gcc -o conftest -g -O2   conftest.c  >&5
configure:4204: $? = 0
configure:4206: ./conftest
configure:4209: $? = 0
configure:4224: result: yes
configure:4248: checking for sys/types.h
configure:4264: gcc -c -g -O2  conftest.c >&5
configure:4270: $? = 0
configure:4273: test -z 			 || test ! -s conftest.err
configure:4276: $? = 0
configure:4279: test -s conftest.o
configure:4282: $? = 0
configure:4293: result: yes
configure:4248: checking for sys/stat.h
configure:4264: gcc -c -g -O2  conftest.c >&5
configure:4270: $? = 0
configure:4273: test -z 			 || test ! -s conftest.err
configure:4276: $? = 0
configure:4279: test -s conftest.o
configure:4282: $? = 0
configure:4293: result: yes
configure:4248: checking for stdlib.h
configure:4264: gcc -c -g -O2  conftest.c >&5
configure:4270: $? = 0
configure:4273: test -z 			 || test ! -s conftest.err
configure:4276: $? = 0
configure:4279: test -s conftest.o
configure:4282: $? = 0
configure:4293: result: yes
configure:4248: checking for string.h
configure:4264: gcc -c -g -O2  conftest.c >&5
configure:4270: $? = 0
configure:4273: test -z 			 || test ! -s conftest.err
configure:4276: $? = 0
configure:4279: test -s conftest.o
configure:4282: $? = 0
configure:4293: result: yes
configure:4248: checking for memory.h
configure:4264: gcc -c -g -O2  conftest.c >&5
configure:4270: $? = 0
configure:4273: test -z 			 || test ! -s conftest.err
configure:4276: $? = 0
configure:4279: test -s conftest.o
configure:4282: $? = 0
configure:4293: result: yes
configure:4248: checking for strings.h
configure:4264: gcc -c -g -O2  conftest.c >&5
configure:4270: $? = 0
configure:4273: test -z 			 || test ! -s conftest.err
configure:4276: $? = 0
configure:4279: test -s conftest.o
configure:4282: $? = 0
configure:4293: result: yes
configure:4248: checking for inttypes.h
configure:4264: gcc -c -g -O2  conftest.c >&5
configure:4270: $? = 0
configure:4273: test -z 			 || test ! -s conftest.err
configure:4276: $? = 0
configure:4279: test -s conftest.o
configure:4282: $? = 0
configure:4293: result: yes
configure:4248: checking for stdint.h
configure:4264: gcc -c -g -O2  conftest.c >&5
configure:4270: $? = 0
configure:4273: test -z 			 || test ! -s conftest.err
configure:4276: $? = 0
configure:4279: test -s conftest.o
configure:4282: $? = 0
configure:4293: result: yes
configure:4248: checking for unistd.h
configure:4264: gcc -c -g -O2  conftest.c >&5
configure:4270: $? = 0
configure:4273: test -z 			 || test ! -s conftest.err
configure:4276: $? = 0
configure:4279: test -s conftest.o
configure:4282: $? = 0
configure:4293: result: yes
configure:4319: checking dlfcn.h usability
configure:4331: gcc -c -g -O2  conftest.c >&5
configure:4337: $? = 0
configure:4340: test -z 			 || test ! -s conftest.err
configure:4343: $? = 0
configure:4346: test -s conftest.o
configure:4349: $? = 0
configure:4359: result: yes
configure:4363: checking dlfcn.h presence
configure:4373: gcc -E  conftest.c
configure:4379: $? = 0
configure:4399: result: yes
configure:4434: checking for dlfcn.h
configure:4441: result: yes
configure:4459: checking how to run the C++ preprocessor
configure:4490: g++ -E  conftest.cc
configure:4496: $? = 0
configure:4528: g++ -E  conftest.cc
conftest.cc:25:28: ac_nonexistent.h: No such file or directory
configure:4534: $? = 1
configure: failed program was:
| /* confdefs.h.  */
| 
| #define PACKAGE_NAME ""
| #define PACKAGE_TARNAME ""
| #define PACKAGE_VERSION ""
| #define PACKAGE_STRING ""
| #define PACKAGE_BUGREPORT ""
| #define PACKAGE "fucksony"
| #define VERSION "0.1"
| #ifdef __cplusplus
| extern "C" void std::exit (int) throw (); using std::exit;
| #endif
| #define STDC_HEADERS 1
| #define HAVE_SYS_TYPES_H 1
| #define HAVE_SYS_STAT_H 1
| #define HAVE_STDLIB_H 1
| #define HAVE_STRING_H 1
| #define HAVE_MEMORY_H 1
| #define HAVE_STRINGS_H 1
| #define HAVE_INTTYPES_H 1
| #define HAVE_STDINT_H 1
| #define HAVE_UNISTD_H 1
| #define HAVE_DLFCN_H 1
| /* end confdefs.h.  */
| #include <ac_nonexistent.h>
configure:4573: result: g++ -E
configure:4597: g++ -E  conftest.cc
configure:4603: $? = 0
configure:4635: g++ -E  conftest.cc
conftest.cc:25:28: ac_nonexistent.h: No such file or directory
configure:4641: $? = 1
configure: failed program was:
| /* confdefs.h.  */
| 
| #define PACKAGE_NAME ""
| #define PACKAGE_TARNAME ""
| #define PACKAGE_VERSION ""
| #define PACKAGE_STRING ""
| #define PACKAGE_BUGREPORT ""
| #define PACKAGE "fucksony"
| #define VERSION "0.1"
| #ifdef __cplusplus
| extern "C" void std::exit (int) throw (); using std::exit;
| #endif
| #define STDC_HEADERS 1
| #define HAVE_SYS_TYPES_H 1
| #define HAVE_SYS_STAT_H 1
| #define HAVE_STDLIB_H 1
| #define HAVE_STRING_H 1
| #define HAVE_MEMORY_H 1
| #define HAVE_STRINGS_H 1
| #define HAVE_INTTYPES_H 1
| #define HAVE_STDINT_H 1
| #define HAVE_UNISTD_H 1
| #define HAVE_DLFCN_H 1
| /* end confdefs.h.  */
| #include <ac_nonexistent.h>
configure:4736: checking for g77
configure:4765: result: no
configure:4736: checking for f77
configure:4765: result: no
configure:4736: checking for xlf
configure:4765: result: no
configure:4736: checking for frt
configure:4765: result: no
configure:4736: checking for pgf77
configure:4765: result: no
configure:4736: checking for fort77
configure:4765: result: no
configure:4736: checking for fl32
configure:4765: result: no
configure:4736: checking for af77
configure:4765: result: no
configure:4736: checking for f90
configure:4765: result: no
configure:4736: checking for xlf90
configure:4765: result: no
configure:4736: checking for pgf90
configure:4765: result: no
configure:4736: checking for epcf90
configure:4765: result: no
configure:4736: checking for f95
configure:4765: result: no
configure:4736: checking for fort
configure:4765: result: no
configure:4736: checking for xlf95
configure:4765: result: no
configure:4736: checking for ifc
configure:4765: result: no
configure:4736: checking for efc
configure:4765: result: no
configure:4736: checking for pgf95
configure:4765: result: no
configure:4736: checking for lf95
configure:4765: result: no
configure:4736: checking for gfortran
configure:4765: result: no
configure:4777: checking for Fortran 77 compiler version
configure:4780:  --version </dev/null >&5
./configure: line 4781: --version: command not found
configure:4783: $? = 127
configure:4785:  -v </dev/null >&5
./configure: line 4786: -v: command not found
configure:4788: $? = 127
configure:4790:  -V </dev/null >&5
./configure: line 4791: -V: command not found
configure:4793: $? = 127
configure:4801: checking whether we are using the GNU Fortran 77 compiler
configure:4815:  -c  conftest.F >&5
./configure: line 4816: -c: command not found
configure:4821: $? = 127
configure: failed program was:
|       program main
| #ifndef __GNUC__
|        choke me
| #endif
| 
|       end
configure:4846: result: no
configure:4852: checking whether  accepts -g
configure:4864:  -c -g conftest.f >&5
./configure: line 4865: -c: command not found
configure:4870: $? = 127
configure: failed program was:
|       program main
| 
|       end
configure:4894: result: no
configure:4924: checking the maximum length of command line arguments
configure:4989: result: 32768
configure:5000: checking command to parse /usr/bin/nm -B output from gcc object
configure:5089: g++ -c -g -O2  conftest.cc >&5
configure:5092: $? = 0
configure:5096: /usr/bin/nm -B conftest.o \| sed -n -e 's/^.*[ 	]\([ABCDGIRSTW][ABCDGIRSTW]*\)[ 	][ 	]*\(\)\([_A-Za-z][_A-Za-z0-9]*\)$/\1 \2\3 \3/p' \> conftest.nm
configure:5099: $? = 0
configure:5151: g++ -o conftest -g -O2   conftest.cc conftstm.o >&5
configure:5154: $? = 0
configure:5192: result: ok
configure:5196: checking for objdir
configure:5211: result: .libs
configure:5301: checking for ar
configure:5317: found /usr/bin/ar
configure:5328: result: ar
configure:5381: checking for ranlib
configure:5397: found /usr/bin/ranlib
configure:5408: result: ranlib
configure:5461: checking for strip
configure:5477: found /usr/bin/strip
configure:5488: result: strip
configure:5750: checking if gcc static flag  works
configure:5773: result: yes
configure:5791: checking if gcc supports -fno-rtti -fno-exceptions
configure:5809: gcc -c -g -O2  -fno-rtti -fno-exceptions conftest.c >&5
cc1: warning: "-fno-rtti" is valid for C++ but not for C/ObjC
configure:5813: $? = 0
configure:5824: result: no
configure:5839: checking for gcc option to produce PIC
configure:6016: result: -fPIC
configure:6024: checking if gcc PIC flag -fPIC works
configure:6042: gcc -c -g -O2  -fPIC -DPIC conftest.c >&5
configure:6046: $? = 0
configure:6057: result: yes
configure:6081: checking if gcc supports -c -o file.o
configure:6102: gcc -c -g -O2  -o out/conftest2.o conftest.c >&5
configure:6106: $? = 0
configure:6126: result: yes
configure:6152: checking whether the gcc linker (/usr/bin/ld) supports shared libraries
configure:6999: result: yes
configure:7025: checking whether -lc should be explicitly linked in
configure:7030: gcc -c -g -O2  conftest.c >&5
configure:7033: $? = 0
configure:7047: gcc -shared conftest.o  -v -Wl,-soname -Wl,conftest -o conftest 2\>\&1 \| grep  -lc  \>/dev/null 2\>\&1
configure:7050: $? = 0
configure:7062: result: no
configure:7070: checking dynamic linker characteristics
configure:7622: result: GNU/Linux ld.so
configure:7626: checking how to hardcode library paths into programs
configure:7651: result: immediate
configure:7665: checking whether stripping libraries is possible
configure:7670: result: yes
configure:8493: checking if libtool supports shared libraries
configure:8495: result: yes
configure:8498: checking whether to build shared libraries
configure:8556: result: yes
configure:8559: checking whether to build static libraries
configure:8563: result: yes
configure:8655: creating libtool
configure:9202: checking for ld used by g++
configure:9269: result: /usr/bin/ld
configure:9278: checking if the linker (/usr/bin/ld) is GNU ld
configure:9293: result: yes
configure:9344: checking whether the g++ linker (/usr/bin/ld) supports shared libraries
configure:10170: result: yes
configure:10188: g++ -c -g -O2  conftest.cc >&5
configure:10191: $? = 0
configure:10287: checking for g++ option to produce PIC
configure:10539: result: -fPIC
configure:10547: checking if g++ PIC flag -fPIC works
configure:10565: g++ -c -g -O2  -fPIC -DPIC conftest.cc >&5
configure:10569: $? = 0
configure:10580: result: yes
configure:10604: checking if g++ supports -c -o file.o
configure:10625: g++ -c -g -O2  -o out/conftest2.o conftest.cc >&5
configure:10629: $? = 0
configure:10649: result: yes
configure:10675: checking whether the g++ linker (/usr/bin/ld) supports shared libraries
configure:10703: result: yes
configure:10774: checking dynamic linker characteristics
configure:11326: result: GNU/Linux ld.so
configure:11330: checking how to hardcode library paths into programs
configure:11355: result: immediate
configure:11369: checking whether stripping libraries is possible
configure:11374: result: yes
configure:18714: creating ./config.status

## ---------------------- ##
## Running config.status. ##
## ---------------------- ##

This file was extended by config.status, which was
generated by GNU Autoconf 2.59.  Invocation command line was

  CONFIG_FILES    = 
  CONFIG_HEADERS  = 
  CONFIG_LINKS    = 
  CONFIG_COMMANDS = 
  $ ./config.status 

on rogue

config.status:733: creating Makefile
config.status:733: creating src/Makefile
config.status:799: creating config.h
config.status:907: config.h is unchanged
config.status:1065: executing default-1 commands

## ---------------- ##
## Cache variables. ##
## ---------------- ##

ac_cv_build=i686-pc-linux-gnu
ac_cv_build_alias=i686-pc-linux-gnu
ac_cv_c_compiler_gnu=yes
ac_cv_cxx_compiler_gnu=yes
ac_cv_env_CC_set=
ac_cv_env_CC_value=
ac_cv_env_CFLAGS_set=
ac_cv_env_CFLAGS_value=
ac_cv_env_CPPFLAGS_set=
ac_cv_env_CPPFLAGS_value=
ac_cv_env_CPP_set=
ac_cv_env_CPP_value=
ac_cv_env_CXXCPP_set=
ac_cv_env_CXXCPP_value=
ac_cv_env_CXXFLAGS_set=
ac_cv_env_CXXFLAGS_value=
ac_cv_env_CXX_set=
ac_cv_env_CXX_value=
ac_cv_env_F77_set=
ac_cv_env_F77_value=
ac_cv_env_FFLAGS_set=
ac_cv_env_FFLAGS_value=
ac_cv_env_LDFLAGS_set=
ac_cv_env_LDFLAGS_value=
ac_cv_env_build_alias_set=
ac_cv_env_build_alias_value=
ac_cv_env_host_alias_set=
ac_cv_env_host_alias_value=
ac_cv_env_target_alias_set=
ac_cv_env_target_alias_value=
ac_cv_exeext=
ac_cv_f77_compiler_gnu=no
ac_cv_header_dlfcn_h=yes
ac_cv_header_inttypes_h=yes
ac_cv_header_memory_h=yes
ac_cv_header_stdc=yes
ac_cv_header_stdint_h=yes
ac_cv_header_stdlib_h=yes
ac_cv_header_string_h=yes
ac_cv_header_strings_h=yes
ac_cv_header_sys_stat_h=yes
ac_cv_header_sys_types_h=yes
ac_cv_header_unistd_h=yes
ac_cv_host=i686-pc-linux-gnu
ac_cv_host_alias=i686-pc-linux-gnu
ac_cv_objext=o
ac_cv_path_install='/usr/bin/install -c'
ac_cv_prog_CPP='gcc -E'
ac_cv_prog_CXXCPP='g++ -E'
ac_cv_prog_ac_ct_AR=ar
ac_cv_prog_ac_ct_CC=gcc
ac_cv_prog_ac_ct_CXX=g++
ac_cv_prog_ac_ct_RANLIB=ranlib
ac_cv_prog_ac_ct_STRIP=strip
ac_cv_prog_cc_g=yes
ac_cv_prog_cc_stdc=
ac_cv_prog_cxx_g=yes
ac_cv_prog_egrep='grep -E'
ac_cv_prog_f77_g=no
ac_cv_prog_make_make_set=yes
lt_cv_deplibs_check_method=pass_all
lt_cv_file_magic_cmd='$MAGIC_CMD'
lt_cv_file_magic_test_file=
lt_cv_ld_reload_flag=-r
lt_cv_objdir=.libs
lt_cv_path_LD=/usr/bin/ld
lt_cv_path_LDCXX=/usr/bin/ld
lt_cv_path_NM='/usr/bin/nm -B'
lt_cv_path_SED=/bin/sed
lt_cv_prog_compiler_c_o=yes
lt_cv_prog_compiler_c_o_CXX=yes
lt_cv_prog_compiler_rtti_exceptions=no
lt_cv_prog_gnu_ld=yes
lt_cv_prog_gnu_ldcxx=yes
lt_cv_sys_global_symbol_pipe='sed -n -e '\''s/^.*[ 	]\([ABCDGIRSTW][ABCDGIRSTW]*\)[ 	][ 	]*\(\)\([_A-Za-z][_A-Za-z0-9]*\)$/\1 \2\3 \3/p'\'''
lt_cv_sys_global_symbol_to_c_name_address='sed -n -e '\''s/^: \([^ ]*\) $/  {\"\1\", (lt_ptr) 0},/p'\'' -e '\''s/^[BCDEGRST] \([^ ]*\) \([^ ]*\)$/  {"\2", (lt_ptr) \&\2},/p'\'''
lt_cv_sys_global_symbol_to_cdecl='sed -n -e '\''s/^. .* \(.*\)$/extern int \1;/p'\'''
lt_cv_sys_max_cmd_len=32768
lt_lt_cv_prog_compiler_c_o='"yes"'
lt_lt_cv_prog_compiler_c_o_CXX='"yes"'
lt_lt_cv_sys_global_symbol_pipe='"sed -n -e '\''s/^.*[ 	]\\([ABCDGIRSTW][ABCDGIRSTW]*\\)[ 	][ 	]*\\(\\)\\([_A-Za-z][_A-Za-z0-9]*\\)\$/\\1 \\2\\3 \\3/p'\''"'
lt_lt_cv_sys_global_symbol_to_c_name_address='"sed -n -e '\''s/^: \\([^ ]*\\) \$/  {\\\"\\1\\\", (lt_ptr) 0},/p'\'' -e '\''s/^[BCDEGRST] \\([^ ]*\\) \\([^ ]*\\)\$/  {\"\\2\", (lt_ptr) \\&\\2},/p'\''"'
lt_lt_cv_sys_global_symbol_to_cdecl='"sed -n -e '\''s/^. .* \\(.*\\)\$/extern int \\1;/p'\''"'

## ----------------- ##
## Output variables. ##
## ----------------- ##

ACLOCAL='aclocal-1.4'
AR='ar'
AUTOCONF='autoconf'
AUTOHEADER='autoheader'
AUTOMAKE='automake-1.4'
CC='gcc'
CFLAGS='-g -O2'
CPP='gcc -E'
CPPFLAGS=''
CXX='g++'
CXXCPP='g++ -E'
CXXFLAGS='-g -O2'
DEFS='-DHAVE_CONFIG_H'
ECHO='echo'
ECHO_C=''
ECHO_N='-n'
ECHO_T=''
EGREP='grep -E'
EXEEXT=''
F77=''
FFLAGS=''
INSTALL_DATA='${INSTALL} -m 644'
INSTALL_PROGRAM='${INSTALL}'
INSTALL_SCRIPT='${INSTALL}'
LDFLAGS=''
LIBOBJS=''
LIBS=''
LIBTOOL='$(SHELL) $(top_builddir)/libtool'
LN_S='ln -s'
LTLIBOBJS=''
MAKEINFO='/home/irv/Projects/fucksony/missing makeinfo'
OBJEXT='o'
PACKAGE='fucksony'
PACKAGE_BUGREPORT=''
PACKAGE_NAME=''
PACKAGE_STRING=''
PACKAGE_TARNAME=''
PACKAGE_VERSION=''
PATH_SEPARATOR=':'
RANLIB='ranlib'
SET_MAKE=''
SHELL='/bin/sh'
STRIP='strip'
VERSION='0.1'
ac_ct_AR='ar'
ac_ct_CC='gcc'
ac_ct_CXX='g++'
ac_ct_F77=''
ac_ct_RANLIB='ranlib'
ac_ct_STRIP='strip'
bindir='${exec_prefix}/bin'
build='i686-pc-linux-gnu'
build_alias=''
build_cpu='i686'
build_os='linux-gnu'
build_vendor='pc'
datadir='${prefix}/share'
exec_prefix='${prefix}'
host='i686-pc-linux-gnu'
host_alias=''
host_cpu='i686'
host_os='linux-gnu'
host_vendor='pc'
includedir='${prefix}/include'
infodir='${prefix}/info'
libdir='${exec_prefix}/lib'
libexecdir='${exec_prefix}/libexec'
localstatedir='${prefix}/var'
mandir='${prefix}/man'
oldincludedir='/usr/include'
prefix='/usr/local'
program_transform_name='s,x,x,'
sbindir='${exec_prefix}/sbin'
sharedstatedir='${prefix}/com'
sysconfdir='${prefix}/etc'
target_alias=''

## ----------- ##
## confdefs.h. ##
## ----------- ##

#define HAVE_DLFCN_H 1
#define HAVE_INTTYPES_H 1
#define HAVE_MEMORY_H 1
#define HAVE_STDINT_H 1
#define HAVE_STDLIB_H 1
#define HAVE_STRINGS_H 1
#define HAVE_STRING_H 1
#define HAVE_SYS_STAT_H 1
#define HAVE_SYS_TYPES_H 1
#define HAVE_UNISTD_H 1
#define PACKAGE "fucksony"
#define PACKAGE_BUGREPORT ""
#define PACKAGE_NAME ""
#define PACKAGE_STRING ""
#define PACKAGE_TARNAME ""
#define PACKAGE_VERSION ""
#define STDC_HEADERS 1
#define VERSION "0.1"
#endif
#ifdef __cplusplus
extern "C" void std::exit (int) throw (); using std::exit;

configure: exit 0

## ---------------------- ##
## Running config.status. ##
## ---------------------- ##

This file was extended by config.status, which was
generated by GNU Autoconf 2.59.  Invocation command line was

  CONFIG_FILES    = src/Makefile
  CONFIG_HEADERS  = 
  CONFIG_LINKS    = 
  CONFIG_COMMANDS = 
  $ ./config.status 

on rogue

config.status:733: creating src/Makefile
config.status:1065: executing default-1 commands

## ---------------------- ##
## Running config.status. ##
## ---------------------- ##

This file was extended by config.status, which was
generated by GNU Autoconf 2.59.  Invocation command line was

  CONFIG_FILES    = src/Makefile
  CONFIG_HEADERS  = 
  CONFIG_LINKS    = 
  CONFIG_COMMANDS = 
  $ ./config.status 

on rogue

config.status:733: creating src/Makefile
config.status:1065: executing default-1 commands

## ---------------------- ##
## Running config.status. ##
## ---------------------- ##

This file was extended by config.status, which was
generated by GNU Autoconf 2.59.  Invocation command line was

  CONFIG_FILES    = src/Makefile
  CONFIG_HEADERS  = 
  CONFIG_LINKS    = 
  CONFIG_COMMANDS = 
  $ ./config.status 

on rogue

config.status:733: creating src/Makefile
config.status:1065: executing default-1 commands

## ---------------------- ##
## Running config.status. ##
## ---------------------- ##

This file was extended by config.status, which was
generated by GNU Autoconf 2.59.  Invocation command line was

  CONFIG_FILES    = src/Makefile
  CONFIG_HEADERS  = 
  CONFIG_LINKS    = 
  CONFIG_COMMANDS = 
  $ ./config.status 

on rogue

config.status:733: creating src/Makefile
config.status:1065: executing default-1 commands

## ---------------------- ##
## Running config.status. ##
## ---------------------- ##

This file was extended by config.status, which was
generated by GNU Autoconf 2.59.  Invocation command line was

  CONFIG_FILES    = src/Makefile
  CONFIG_HEADERS  = 
  CONFIG_LINKS    = 
  CONFIG_COMMANDS = 
  $ ./config.status 

on rogue

config.status:733: creating src/Makefile
config.status:1065: executing default-1 commands
